2022-12-20 11:35:55 INFO  HomePage :35 - Click on computer menu[[ChromeDriver: chrome on WINDOWS (e8fab584719058e1a48d16bd72cb39bd)] -> xpath: //ul[1]/li/a[text()='Computers ']]
2022-12-20 11:35:56 INFO  ComputersPage :19 - Click on desktops[[ChromeDriver: chrome on WINDOWS (e8fab584719058e1a48d16bd72cb39bd)] -> xpath: //img[@alt='Picture for category Desktops']]
2022-12-20 11:35:56 INFO  DesktopsPage :27 - Select sort Z to A[[ChromeDriver: chrome on WINDOWS (e8fab584719058e1a48d16bd72cb39bd)] -> name: products-orderby]
2022-12-20 11:35:59 INFO  HomePage :45 - Hover on electronic[[ChromeDriver: chrome on WINDOWS (f1daeddc842d66c4c257f789efa511a6)] -> xpath: //a[text()='Electronics ']]
2022-12-20 11:35:59 INFO  HomePage :50 - Click on cell phones[[ChromeDriver: chrome on WINDOWS (f1daeddc842d66c4c257f789efa511a6)] -> xpath: //ul[1]/li[2]/ul[1]/li[2]/a[1]]
2022-12-20 11:36:24 INFO  TopMenuPage :45 - Verify Computer text[[ChromeDriver: chrome on WINDOWS (d3a30fe1284833a8e6b1062af56f0eab)] -> xpath: //a[@href='/computers']]
2022-12-20 11:37:56 INFO  HomePage :35 - Click on computer menu[[ChromeDriver: chrome on WINDOWS (193f75359b40958c135e6beaea234505)] -> xpath: //ul[1]/li/a[text()='Computers ']]
2022-12-20 11:37:57 INFO  ComputersPage :19 - Click on desktops[[ChromeDriver: chrome on WINDOWS (193f75359b40958c135e6beaea234505)] -> xpath: //img[@alt='Picture for category Desktops']]
2022-12-20 11:37:57 INFO  DesktopsPage :27 - Select sort Z to A[[ChromeDriver: chrome on WINDOWS (193f75359b40958c135e6beaea234505)] -> name: products-orderby]
2022-12-20 11:38:00 INFO  HomePage :45 - Hover on electronic[[ChromeDriver: chrome on WINDOWS (bc7666d10b47a2da1dbb927a99787709)] -> xpath: //a[text()='Electronics ']]
2022-12-20 11:38:00 INFO  HomePage :50 - Click on cell phones[[ChromeDriver: chrome on WINDOWS (bc7666d10b47a2da1dbb927a99787709)] -> xpath: //ul[1]/li[2]/ul[1]/li[2]/a[1]]
2022-12-20 11:38:01 INFO  CellPhonesPage :51 - Get cell phone text[[ChromeDriver: chrome on WINDOWS (bc7666d10b47a2da1dbb927a99787709)] -> xpath: //h1[text()='Cell phones']]
2022-12-20 11:38:05 INFO  TopMenuPage :45 - Verify Computer text[[ChromeDriver: chrome on WINDOWS (c8697bbb6e895479fab661cc2e183bd5)] -> xpath: //a[@href='/computers']]
2022-12-20 17:45:59 INFO  HomePage :35 - Click on computer menu[[ChromeDriver: chrome on WINDOWS (fcd8a7cd2178f182520e3e5d89a5d736)] -> xpath: //ul[1]/li/a[text()='Computers ']]
2022-12-20 17:46:00 INFO  ComputersPage :19 - Click on desktops[[ChromeDriver: chrome on WINDOWS (fcd8a7cd2178f182520e3e5d89a5d736)] -> xpath: //img[@alt='Picture for category Desktops']]
2022-12-20 17:46:00 INFO  DesktopsPage :27 - Select sort Z to A[[ChromeDriver: chrome on WINDOWS (fcd8a7cd2178f182520e3e5d89a5d736)] -> name: products-orderby]
2022-12-20 17:46:04 INFO  HomePage :45 - Hover on electronic[[ChromeDriver: chrome on WINDOWS (9e03105a18b6fb352ad9d327a9167f2c)] -> xpath: //a[text()='Electronics ']]
2022-12-20 17:46:05 INFO  HomePage :50 - Click on cell phones[[ChromeDriver: chrome on WINDOWS (9e03105a18b6fb352ad9d327a9167f2c)] -> xpath: //ul[1]/li[2]/ul[1]/li[2]/a[1]]
2022-12-20 17:46:05 INFO  CellPhonesPage :51 - Get cell phone text[[ChromeDriver: chrome on WINDOWS (9e03105a18b6fb352ad9d327a9167f2c)] -> xpath: //h1[text()='Cell phones']]
2022-12-20 17:46:10 INFO  TopMenuPage :45 - Verify Computer text[[ChromeDriver: chrome on WINDOWS (60a617921b6b09477ba76ec866303b5a)] -> xpath: //a[@href='/computers']]
2022-12-20 17:47:22 INFO  HomePage :35 - Click on computer menu[[ChromeDriver: chrome on WINDOWS (6c24afb7c632998cfe55c2037bd03be7)] -> xpath: //ul[1]/li/a[text()='Computers ']]
2022-12-20 17:47:23 INFO  ComputersPage :19 - Click on desktops[[ChromeDriver: chrome on WINDOWS (6c24afb7c632998cfe55c2037bd03be7)] -> xpath: //img[@alt='Picture for category Desktops']]
2022-12-20 17:47:23 INFO  DesktopsPage :32 - Select sort A to Z[[ChromeDriver: chrome on WINDOWS (6c24afb7c632998cfe55c2037bd03be7)] -> name: products-orderby]
2022-12-20 17:47:29 INFO  DesktopsPage :37 - CLick on add to cart button[[ChromeDriver: chrome on WINDOWS (6c24afb7c632998cfe55c2037bd03be7)] -> xpath: //body/div[6]/div[3]/div[1]/div[3]/div[1]/div[2]/div[2]/div[2]/div[1]/div[1]/div[1]/div[1]/div[2]/div[3]/div[2]/button[1]]
2022-12-20 17:47:30 INFO  BuildYourOwnComputerPage :60 - Get build your own computer text[[ChromeDriver: chrome on WINDOWS (6c24afb7c632998cfe55c2037bd03be7)] -> xpath: //h1[text()='Build your own computer']]
2022-12-20 17:47:30 INFO  BuildYourOwnComputerPage :65 - Select processor[[ChromeDriver: chrome on WINDOWS (6c24afb7c632998cfe55c2037bd03be7)] -> name: product_attribute_1]
2022-12-20 17:47:30 INFO  BuildYourOwnComputerPage :70 - Select ram[[ChromeDriver: chrome on WINDOWS (6c24afb7c632998cfe55c2037bd03be7)] -> name: product_attribute_2]
2022-12-20 17:47:30 INFO  BuildYourOwnComputerPage :75 - Select hdd[[ChromeDriver: chrome on WINDOWS (6c24afb7c632998cfe55c2037bd03be7)] -> id: product_attribute_3_7]
2022-12-20 17:47:30 INFO  BuildYourOwnComputerPage :80 - Select vista premium Os[[ChromeDriver: chrome on WINDOWS (6c24afb7c632998cfe55c2037bd03be7)] -> id: product_attribute_4_9]
2022-12-20 17:47:30 INFO  BuildYourOwnComputerPage :85 - Click on total command[[ChromeDriver: chrome on WINDOWS (6c24afb7c632998cfe55c2037bd03be7)] -> id: product_attribute_5_12]
2022-12-20 17:47:35 INFO  BuildYourOwnComputerPage :90 - Get price[[ChromeDriver: chrome on WINDOWS (6c24afb7c632998cfe55c2037bd03be7)] -> id: price-value-1]
2022-12-20 17:47:35 INFO  BuildYourOwnComputerPage :95 - Click on add to cart[[ChromeDriver: chrome on WINDOWS (6c24afb7c632998cfe55c2037bd03be7)] -> id: add-to-cart-button-1]
2022-12-20 17:47:35 INFO  BuildYourOwnComputerPage :100 - Get product added text[[ChromeDriver: chrome on WINDOWS (6c24afb7c632998cfe55c2037bd03be7)] -> xpath: //body/div[@id='bar-notification']/div[1]/p[1]]
2022-12-20 17:47:36 INFO  BuildYourOwnComputerPage :105 - Click on close button[[ChromeDriver: chrome on WINDOWS (6c24afb7c632998cfe55c2037bd03be7)] -> xpath: //span[@class='close']]
2022-12-20 17:47:36 INFO  BuildYourOwnComputerPage :110 - Mouse hover on shopping cart[[ChromeDriver: chrome on WINDOWS (6c24afb7c632998cfe55c2037bd03be7)] -> xpath: //span[@class='cart-label']]
2022-12-20 17:47:36 INFO  BuildYourOwnComputerPage :115 - Click on go to cart button[[ChromeDriver: chrome on WINDOWS (6c24afb7c632998cfe55c2037bd03be7)] -> xpath: //button[contains(text(),'Go to cart')]]
2022-12-20 17:47:37 INFO  CartPage :73 - Get shopping cart text[[ChromeDriver: chrome on WINDOWS (6c24afb7c632998cfe55c2037bd03be7)] -> xpath: //h1[text()='Shopping cart']]
2022-12-20 17:47:37 INFO  CartPage :78 - Change quantity[[ChromeDriver: chrome on WINDOWS (6c24afb7c632998cfe55c2037bd03be7)] -> xpath: //input[@value='1']]
2022-12-20 17:47:37 INFO  CartPage :84 - Click on update cart[[ChromeDriver: chrome on WINDOWS (6c24afb7c632998cfe55c2037bd03be7)] -> id: updatecart]
2022-12-20 17:47:38 INFO  CartPage :89 - Get total[[ChromeDriver: chrome on WINDOWS (6c24afb7c632998cfe55c2037bd03be7)] -> xpath: //tbody/tr[1]/td[6]/span[1]]
2022-12-20 17:47:38 INFO  CartPage :94 - Click on check box[[ChromeDriver: chrome on WINDOWS (6c24afb7c632998cfe55c2037bd03be7)] -> id: termsofservice]
2022-12-20 17:47:38 INFO  CartPage :99 - Click on checkout button[[ChromeDriver: chrome on WINDOWS (6c24afb7c632998cfe55c2037bd03be7)] -> id: checkout]
2022-12-20 17:47:38 INFO  CartPage :104 - Get welcome text[[ChromeDriver: chrome on WINDOWS (6c24afb7c632998cfe55c2037bd03be7)] -> xpath: //h1[text()='Welcome, Please Sign In!']]
2022-12-20 17:47:38 INFO  CartPage :109 - Click on checkout as guest[[ChromeDriver: chrome on WINDOWS (6c24afb7c632998cfe55c2037bd03be7)] -> xpath: //button[@class='button-1 checkout-as-guest-button']]
2022-12-20 17:47:39 INFO  CheckoutPage :84 - Enter first name[[ChromeDriver: chrome on WINDOWS (6c24afb7c632998cfe55c2037bd03be7)] -> id: BillingNewAddress_FirstName]
2022-12-20 17:47:39 INFO  CheckoutPage :85 - Enter last name[[ChromeDriver: chrome on WINDOWS (6c24afb7c632998cfe55c2037bd03be7)] -> id: BillingNewAddress_LastName]
2022-12-20 17:47:39 INFO  CheckoutPage :86 - Enter email id[[ChromeDriver: chrome on WINDOWS (6c24afb7c632998cfe55c2037bd03be7)] -> id: BillingNewAddress_Email]
2022-12-20 17:47:39 INFO  CheckoutPage :87 - Select country[[ChromeDriver: chrome on WINDOWS (6c24afb7c632998cfe55c2037bd03be7)] -> id: BillingNewAddress_CountryId]
2022-12-20 17:47:39 INFO  CheckoutPage :88 - Select city[[ChromeDriver: chrome on WINDOWS (6c24afb7c632998cfe55c2037bd03be7)] -> id: BillingNewAddress_City]
2022-12-20 17:47:39 INFO  CheckoutPage :89 - Enter address[[ChromeDriver: chrome on WINDOWS (6c24afb7c632998cfe55c2037bd03be7)] -> id: BillingNewAddress_Address1]
2022-12-20 17:47:39 INFO  CheckoutPage :90 - Enter postcode[[ChromeDriver: chrome on WINDOWS (6c24afb7c632998cfe55c2037bd03be7)] -> id: BillingNewAddress_ZipPostalCode]
2022-12-20 17:47:40 INFO  CheckoutPage :91 - Enter phone number[[ChromeDriver: chrome on WINDOWS (6c24afb7c632998cfe55c2037bd03be7)] -> id: BillingNewAddress_PhoneNumber]
2022-12-20 17:47:40 INFO  CheckoutPage :92 - Click on continue button[[ChromeDriver: chrome on WINDOWS (6c24afb7c632998cfe55c2037bd03be7)] -> name: save]
2022-12-20 17:47:41 INFO  CheckoutPage :106 - Click on next day button[[ChromeDriver: chrome on WINDOWS (6c24afb7c632998cfe55c2037bd03be7)] -> id: shippingoption_1]
2022-12-20 17:47:41 INFO  CheckoutPage :111 - Click on continue[[ChromeDriver: chrome on WINDOWS (6c24afb7c632998cfe55c2037bd03be7)] -> xpath: //button[@onclick='ShippingMethod.save()']]
2022-12-20 17:47:41 INFO  PaymentPage :44 - CLick on credit card radio button[[ChromeDriver: chrome on WINDOWS (6c24afb7c632998cfe55c2037bd03be7)] -> id: paymentmethod_1]
2022-12-20 17:47:41 INFO  PaymentPage :49 - Click on continue[[ChromeDriver: chrome on WINDOWS (6c24afb7c632998cfe55c2037bd03be7)] -> xpath: //li[4]/div[2]/div[1]/button[1]]
2022-12-20 17:47:41 INFO  PaymentPage :54 - Select master card[[ChromeDriver: chrome on WINDOWS (6c24afb7c632998cfe55c2037bd03be7)] -> id: CreditCardType]
2022-12-20 17:47:42 INFO  PaymentPage :59 - Enter card holder name[[ChromeDriver: chrome on WINDOWS (6c24afb7c632998cfe55c2037bd03be7)] -> id: CardholderName]
2022-12-20 17:47:42 INFO  PaymentPage :60 - Enter card number[[ChromeDriver: chrome on WINDOWS (6c24afb7c632998cfe55c2037bd03be7)] -> id: CardNumber]
2022-12-20 17:47:42 INFO  PaymentPage :61 - Select expire month[[ChromeDriver: chrome on WINDOWS (6c24afb7c632998cfe55c2037bd03be7)] -> id: ExpireMonth]
2022-12-20 17:47:42 INFO  PaymentPage :62 - Select expire year[[ChromeDriver: chrome on WINDOWS (6c24afb7c632998cfe55c2037bd03be7)] -> id: ExpireYear]
2022-12-20 17:47:42 INFO  PaymentPage :63 - Enter card code[[ChromeDriver: chrome on WINDOWS (6c24afb7c632998cfe55c2037bd03be7)] -> id: CardCode]
2022-12-20 17:47:42 INFO  PaymentPage :64 - Click on continue button[[ChromeDriver: chrome on WINDOWS (6c24afb7c632998cfe55c2037bd03be7)] -> xpath: //li[5]/div[2]/div[1]/button[1]]
2022-12-20 17:47:42 INFO  ConfirmOrderPage :57 - Get credit card text[[ChromeDriver: chrome on WINDOWS (6c24afb7c632998cfe55c2037bd03be7)] -> xpath: //span[contains(text(),'Credit Card')]]
2022-12-20 17:47:43 INFO  ConfirmOrderPage :62 - Get next day air text[[ChromeDriver: chrome on WINDOWS (6c24afb7c632998cfe55c2037bd03be7)] -> xpath: //body/div[6]/div[3]/div[1]/div[1]/div[1]/div[2]/ol[1]/li[6]/div[2]/div[1]/div[1]/div[1]/div[1]/div[1]/div[2]/div[2]/ul[1]/li[1]/span[2]]
2022-12-20 17:47:43 INFO  ConfirmOrderPage :67 - Click on confirm button[[ChromeDriver: chrome on WINDOWS (6c24afb7c632998cfe55c2037bd03be7)] -> xpath: //button[contains(text(),'Confirm')]]
2022-12-20 17:47:43 INFO  ConfirmOrderPage :72 - Get thank you text[[ChromeDriver: chrome on WINDOWS (6c24afb7c632998cfe55c2037bd03be7)] -> xpath: //h1[contains(text(),'Thank you')]]
2022-12-20 17:47:43 INFO  ConfirmOrderPage :77 - Get success message[[ChromeDriver: chrome on WINDOWS (6c24afb7c632998cfe55c2037bd03be7)] -> xpath: //strong[contains(text(),'Your order has been successfully processed!')]]
2022-12-20 17:47:43 INFO  ConfirmOrderPage :82 - Click on continue button[[ChromeDriver: chrome on WINDOWS (6c24afb7c632998cfe55c2037bd03be7)] -> xpath: //button[contains(text(),'Continue')]]
2022-12-20 17:47:44 INFO  HomePage :40 - Get welcome to store text[[ChromeDriver: chrome on WINDOWS (6c24afb7c632998cfe55c2037bd03be7)] -> xpath: //h2[contains(text(),'Welcome to our store')]]
2022-12-20 17:47:47 INFO  HomePage :45 - Hover on electronic[[ChromeDriver: chrome on WINDOWS (19bfe4b746cfc885a85df7f5abe2dbd1)] -> xpath: //a[text()='Electronics ']]
2022-12-20 17:47:47 INFO  HomePage :50 - Click on cell phones[[ChromeDriver: chrome on WINDOWS (19bfe4b746cfc885a85df7f5abe2dbd1)] -> xpath: //ul[1]/li[2]/ul[1]/li[2]/a[1]]
2022-12-20 17:47:48 INFO  CellPhonesPage :51 - Get cell phone text[[ChromeDriver: chrome on WINDOWS (19bfe4b746cfc885a85df7f5abe2dbd1)] -> xpath: //h1[text()='Cell phones']]
2022-12-20 17:47:48 INFO  CellPhonesPage :56 - Click on list view tab[[ChromeDriver: chrome on WINDOWS (19bfe4b746cfc885a85df7f5abe2dbd1)] -> xpath: //a[contains(text(),'List')]]
2022-12-20 17:47:53 INFO  CellPhonesPage :61 - Click on nokia lumia product[[ChromeDriver: chrome on WINDOWS (19bfe4b746cfc885a85df7f5abe2dbd1)] -> xpath: //div[3]/div[1]/div[2]/h2[1]/a]
2022-12-20 17:47:54 INFO  CellPhonesPage :66 - Verify nokia lumia text[[ChromeDriver: chrome on WINDOWS (19bfe4b746cfc885a85df7f5abe2dbd1)] -> xpath: //h1[text()='Nokia Lumia 1020']]
2022-12-20 17:47:54 INFO  CellPhonesPage :71 - Verify price[[ChromeDriver: chrome on WINDOWS (19bfe4b746cfc885a85df7f5abe2dbd1)] -> id: price-value-20]
2022-12-20 17:47:54 INFO  CellPhonesPage :76 - Change quantity[[ChromeDriver: chrome on WINDOWS (19bfe4b746cfc885a85df7f5abe2dbd1)] -> name: addtocart_20.EnteredQuantity]
2022-12-20 17:47:54 INFO  CellPhonesPage :82 - Click on add to cart[[ChromeDriver: chrome on WINDOWS (19bfe4b746cfc885a85df7f5abe2dbd1)] -> id: add-to-cart-button-20]
2022-12-20 17:47:55 INFO  CellPhonesPage :87 - Verify product added in shopping cart text[[ChromeDriver: chrome on WINDOWS (19bfe4b746cfc885a85df7f5abe2dbd1)] -> xpath: //body/div[@id='bar-notification']/div[1]/p[1]]
2022-12-20 17:47:55 INFO  CellPhonesPage :92 - Click on close button[[ChromeDriver: chrome on WINDOWS (19bfe4b746cfc885a85df7f5abe2dbd1)] -> xpath: //span[@title='Close']]
2022-12-20 17:47:55 INFO  CellPhonesPage :97 - Mouse hover on shopping cart[[ChromeDriver: chrome on WINDOWS (19bfe4b746cfc885a85df7f5abe2dbd1)] -> xpath: //span[text()='Shopping cart']]
2022-12-20 17:47:55 INFO  CellPhonesPage :98 - Click on go to cart[[ChromeDriver: chrome on WINDOWS (19bfe4b746cfc885a85df7f5abe2dbd1)] -> xpath: //button[text()='Go to cart']]
2022-12-20 17:47:56 INFO  CartPage :114 - Verify shopping cart text[[ChromeDriver: chrome on WINDOWS (19bfe4b746cfc885a85df7f5abe2dbd1)] -> xpath: //h1[text()='Shopping cart']]
2022-12-20 17:47:56 INFO  CartPage :119 - Verify quantity[[ChromeDriver: chrome on WINDOWS (19bfe4b746cfc885a85df7f5abe2dbd1)] -> xpath: //span[contains(text(),'(2)')]]
2022-12-20 17:47:56 INFO  CartPage :124 - Verify total[[ChromeDriver: chrome on WINDOWS (19bfe4b746cfc885a85df7f5abe2dbd1)] -> xpath: //tbody/tr[1]/td[6]/span[1]]
2022-12-20 17:47:56 INFO  CartPage :94 - Click on check box[[ChromeDriver: chrome on WINDOWS (19bfe4b746cfc885a85df7f5abe2dbd1)] -> id: termsofservice]
2022-12-20 17:47:56 INFO  CartPage :99 - Click on checkout button[[ChromeDriver: chrome on WINDOWS (19bfe4b746cfc885a85df7f5abe2dbd1)] -> id: checkout]
2022-12-20 17:47:57 INFO  CartPage :139 - Verify welcome message[[ChromeDriver: chrome on WINDOWS (19bfe4b746cfc885a85df7f5abe2dbd1)] -> xpath: //h1[text()='Welcome, Please Sign In!']]
2022-12-20 17:47:57 INFO  CartPage :144 - Click on register tab[[ChromeDriver: chrome on WINDOWS (19bfe4b746cfc885a85df7f5abe2dbd1)] -> xpath: //button[text()='Register']]
2022-12-20 17:47:57 INFO  RegisterPage :57 - Verify register text[[ChromeDriver: chrome on WINDOWS (19bfe4b746cfc885a85df7f5abe2dbd1)] -> xpath: //h1[text()='Register']]
2022-12-20 17:47:57 INFO  RegisterPage :62 - Click on gender[[ChromeDriver: chrome on WINDOWS (19bfe4b746cfc885a85df7f5abe2dbd1)] -> id: gender-male]
2022-12-20 17:47:57 INFO  RegisterPage :63 - Enter first name[[ChromeDriver: chrome on WINDOWS (19bfe4b746cfc885a85df7f5abe2dbd1)] -> id: FirstName]
2022-12-20 17:47:57 INFO  RegisterPage :64 - Enter last name[[ChromeDriver: chrome on WINDOWS (19bfe4b746cfc885a85df7f5abe2dbd1)] -> id: LastName]
2022-12-20 17:47:57 INFO  RegisterPage :65 - Select day[[ChromeDriver: chrome on WINDOWS (19bfe4b746cfc885a85df7f5abe2dbd1)] -> name: DateOfBirthDay]
2022-12-20 17:47:57 INFO  RegisterPage :66 - Select month[[ChromeDriver: chrome on WINDOWS (19bfe4b746cfc885a85df7f5abe2dbd1)] -> name: DateOfBirthMonth]
2022-12-20 17:47:57 INFO  RegisterPage :67 - Select year[[ChromeDriver: chrome on WINDOWS (19bfe4b746cfc885a85df7f5abe2dbd1)] -> name: DateOfBirthYear]
2022-12-20 17:47:57 INFO  RegisterPage :68 - Enter email[[ChromeDriver: chrome on WINDOWS (19bfe4b746cfc885a85df7f5abe2dbd1)] -> id: Email]
2022-12-20 17:47:57 INFO  RegisterPage :69 - Enter password[[ChromeDriver: chrome on WINDOWS (19bfe4b746cfc885a85df7f5abe2dbd1)] -> id: Password]
2022-12-20 17:47:57 INFO  RegisterPage :70 - Enter confirm password[[ChromeDriver: chrome on WINDOWS (19bfe4b746cfc885a85df7f5abe2dbd1)] -> id: ConfirmPassword]
2022-12-20 17:47:58 INFO  RegisterPage :84 - Click on registration button[[ChromeDriver: chrome on WINDOWS (19bfe4b746cfc885a85df7f5abe2dbd1)] -> id: register-button]
2022-12-20 17:47:59 INFO  RegisterPage :89 - Verify registration text[[ChromeDriver: chrome on WINDOWS (19bfe4b746cfc885a85df7f5abe2dbd1)] -> xpath: //div[text()='Your registration completed']]
2022-12-20 17:47:59 INFO  RegisterPage :94 - Click on continue tab[[ChromeDriver: chrome on WINDOWS (19bfe4b746cfc885a85df7f5abe2dbd1)] -> xpath: //a[text()='Continue']]
2022-12-20 17:47:59 INFO  CartPage :149 - Check shopping cart text[[ChromeDriver: chrome on WINDOWS (19bfe4b746cfc885a85df7f5abe2dbd1)] -> xpath: //h1[text()='Shopping cart']]
2022-12-20 17:48:05 INFO  BillingPage :34 - Select country[[ChromeDriver: chrome on WINDOWS (19bfe4b746cfc885a85df7f5abe2dbd1)] -> id: BillingNewAddress_CountryId]
2022-12-20 17:48:05 INFO  BillingPage :35 - Select city[[ChromeDriver: chrome on WINDOWS (19bfe4b746cfc885a85df7f5abe2dbd1)] -> id: BillingNewAddress_City]
2022-12-20 17:48:05 INFO  BillingPage :36 - Enter address[[ChromeDriver: chrome on WINDOWS (19bfe4b746cfc885a85df7f5abe2dbd1)] -> id: BillingNewAddress_Address1]
2022-12-20 17:48:05 INFO  BillingPage :37 - Enter postcode[[ChromeDriver: chrome on WINDOWS (19bfe4b746cfc885a85df7f5abe2dbd1)] -> id: BillingNewAddress_ZipPostalCode]
2022-12-20 17:48:05 INFO  BillingPage :38 - Enter phone number[[ChromeDriver: chrome on WINDOWS (19bfe4b746cfc885a85df7f5abe2dbd1)] -> id: BillingNewAddress_PhoneNumber]
2022-12-20 17:48:06 INFO  BillingPage :48 - Click on continue button[[ChromeDriver: chrome on WINDOWS (19bfe4b746cfc885a85df7f5abe2dbd1)] -> xpath: //div/button[4]]
2022-12-20 17:48:06 INFO  CheckoutPage :116 - Click on 2nd day air button[[ChromeDriver: chrome on WINDOWS (19bfe4b746cfc885a85df7f5abe2dbd1)] -> id: shippingoption_2]
2022-12-20 17:48:06 INFO  CheckoutPage :121 - Click on continue button[[ChromeDriver: chrome on WINDOWS (19bfe4b746cfc885a85df7f5abe2dbd1)] -> xpath: //form/div[2]/button[1]]
2022-12-20 17:48:07 INFO  CheckoutPage :126 - Select credit card radio button[[ChromeDriver: chrome on WINDOWS (19bfe4b746cfc885a85df7f5abe2dbd1)] -> id: paymentmethod_1]
2022-12-20 17:48:07 INFO  CheckoutPage :131 - Click on continue[[ChromeDriver: chrome on WINDOWS (19bfe4b746cfc885a85df7f5abe2dbd1)] -> xpath: //li[4]/div[2]/div[1]/button[1]]
2022-12-20 17:48:07 INFO  CheckoutPage :136 - Select visa from drop down[[ChromeDriver: chrome on WINDOWS (19bfe4b746cfc885a85df7f5abe2dbd1)] -> id: CreditCardType]
2022-12-20 17:48:07 INFO  CheckoutPage :141 - Enter card holder name[[ChromeDriver: chrome on WINDOWS (19bfe4b746cfc885a85df7f5abe2dbd1)] -> id: CardholderName]
2022-12-20 17:48:07 INFO  CheckoutPage :142 - Enter card number[[ChromeDriver: chrome on WINDOWS (19bfe4b746cfc885a85df7f5abe2dbd1)] -> id: CardNumber]
2022-12-20 17:48:07 INFO  CheckoutPage :143 - Select expire month[[ChromeDriver: chrome on WINDOWS (19bfe4b746cfc885a85df7f5abe2dbd1)] -> id: ExpireMonth]
2022-12-20 17:48:07 INFO  CheckoutPage :144 - Select expire year[[ChromeDriver: chrome on WINDOWS (19bfe4b746cfc885a85df7f5abe2dbd1)] -> id: ExpireYear]
2022-12-20 17:48:07 INFO  CheckoutPage :145 - Enter card code[[ChromeDriver: chrome on WINDOWS (19bfe4b746cfc885a85df7f5abe2dbd1)] -> id: CardCode]
2022-12-20 17:48:08 INFO  CheckoutPage :155 - Click on continue button[[ChromeDriver: chrome on WINDOWS (19bfe4b746cfc885a85df7f5abe2dbd1)] -> xpath: //li[5]/div[2]/div[1]/button[1]]
2022-12-20 17:48:08 INFO  ConfirmOrderPage :87 - Verify Credit card text[[ChromeDriver: chrome on WINDOWS (19bfe4b746cfc885a85df7f5abe2dbd1)] -> xpath: //span[contains(text(),'Credit Card')]]
2022-12-20 17:48:08 INFO  ConfirmOrderPage :92 - Verify 2nd day air text[[ChromeDriver: chrome on WINDOWS (19bfe4b746cfc885a85df7f5abe2dbd1)] -> xpath: //div[2]/div[2]/ul[1]/li[1]/span[2]]
2022-12-20 17:48:08 INFO  ConfirmOrderPage :97 - Verify final total[[ChromeDriver: chrome on WINDOWS (19bfe4b746cfc885a85df7f5abe2dbd1)] -> xpath: //tbody/tr[1]/td[6]/span[1]]
2022-12-20 17:48:08 INFO  ConfirmOrderPage :67 - Click on confirm button[[ChromeDriver: chrome on WINDOWS (19bfe4b746cfc885a85df7f5abe2dbd1)] -> xpath: //button[contains(text(),'Confirm')]]
2022-12-20 17:48:09 INFO  ConfirmOrderPage :107 - Verify thank you text[[ChromeDriver: chrome on WINDOWS (19bfe4b746cfc885a85df7f5abe2dbd1)] -> xpath: //h1[contains(text(),'Thank you')]]
2022-12-20 17:48:09 INFO  ConfirmOrderPage :112 - Verify success message[[ChromeDriver: chrome on WINDOWS (19bfe4b746cfc885a85df7f5abe2dbd1)] -> xpath: //strong[contains(text(),'Your order has been successfully processed!')]]
2022-12-20 17:48:09 INFO  ConfirmOrderPage :117 - Click on continue[[ChromeDriver: chrome on WINDOWS (19bfe4b746cfc885a85df7f5abe2dbd1)] -> xpath: //button[contains(text(),'Continue')]]
2022-12-20 17:48:09 INFO  HomePage :40 - Get welcome to store text[[ChromeDriver: chrome on WINDOWS (19bfe4b746cfc885a85df7f5abe2dbd1)] -> xpath: //h2[contains(text(),'Welcome to our store')]]
2022-12-20 17:48:09 INFO  HomePage :55 - Click on logout link[[ChromeDriver: chrome on WINDOWS (19bfe4b746cfc885a85df7f5abe2dbd1)] -> xpath: //a[contains(text(),'Log out')]]
2022-12-20 17:48:14 INFO  TopMenuPage :50 - Verify electronics text[[ChromeDriver: chrome on WINDOWS (c3342c5833f88c61d3492b0a817bb1fb)] -> xpath: //a[@href='/electronics']]
2022-12-20 17:55:48 INFO  HomePage :35 - Click on computer menu[[ChromeDriver: chrome on WINDOWS (68e2d31ae15f57b59631db2683d34e0a)] -> xpath: //ul[1]/li/a[text()='Computers ']]
2022-12-20 17:55:49 INFO  ComputersPage :19 - Click on desktops[[ChromeDriver: chrome on WINDOWS (68e2d31ae15f57b59631db2683d34e0a)] -> xpath: //img[@alt='Picture for category Desktops']]
2022-12-20 17:55:49 INFO  DesktopsPage :27 - Select sort Z to A[[ChromeDriver: chrome on WINDOWS (68e2d31ae15f57b59631db2683d34e0a)] -> name: products-orderby]
2022-12-20 17:55:53 INFO  HomePage :35 - Click on computer menu[[ChromeDriver: chrome on WINDOWS (2f3c41bdff73b51a978263f06dc63c9d)] -> xpath: //ul[1]/li/a[text()='Computers ']]
2022-12-20 17:55:54 INFO  ComputersPage :19 - Click on desktops[[ChromeDriver: chrome on WINDOWS (2f3c41bdff73b51a978263f06dc63c9d)] -> xpath: //img[@alt='Picture for category Desktops']]
2022-12-20 17:55:54 INFO  DesktopsPage :32 - Select sort A to Z[[ChromeDriver: chrome on WINDOWS (2f3c41bdff73b51a978263f06dc63c9d)] -> name: products-orderby]
2022-12-20 17:56:00 INFO  DesktopsPage :37 - CLick on add to cart button[[ChromeDriver: chrome on WINDOWS (2f3c41bdff73b51a978263f06dc63c9d)] -> xpath: //body/div[6]/div[3]/div[1]/div[3]/div[1]/div[2]/div[2]/div[2]/div[1]/div[1]/div[1]/div[1]/div[2]/div[3]/div[2]/button[1]]
2022-12-20 17:56:01 INFO  BuildYourOwnComputerPage :60 - Get build your own computer text[[ChromeDriver: chrome on WINDOWS (2f3c41bdff73b51a978263f06dc63c9d)] -> xpath: //h1[text()='Build your own computer']]
2022-12-20 17:56:01 INFO  BuildYourOwnComputerPage :65 - Select processor[[ChromeDriver: chrome on WINDOWS (2f3c41bdff73b51a978263f06dc63c9d)] -> name: product_attribute_1]
2022-12-20 17:56:01 INFO  BuildYourOwnComputerPage :70 - Select ram[[ChromeDriver: chrome on WINDOWS (2f3c41bdff73b51a978263f06dc63c9d)] -> name: product_attribute_2]
2022-12-20 17:56:01 INFO  BuildYourOwnComputerPage :75 - Select hdd[[ChromeDriver: chrome on WINDOWS (2f3c41bdff73b51a978263f06dc63c9d)] -> id: product_attribute_3_7]
2022-12-20 17:56:01 INFO  BuildYourOwnComputerPage :80 - Select vista premium Os[[ChromeDriver: chrome on WINDOWS (2f3c41bdff73b51a978263f06dc63c9d)] -> id: product_attribute_4_9]
2022-12-20 17:56:01 INFO  BuildYourOwnComputerPage :85 - Click on total command[[ChromeDriver: chrome on WINDOWS (2f3c41bdff73b51a978263f06dc63c9d)] -> id: product_attribute_5_12]
2022-12-20 17:56:07 INFO  BuildYourOwnComputerPage :90 - Get price[[ChromeDriver: chrome on WINDOWS (2f3c41bdff73b51a978263f06dc63c9d)] -> id: price-value-1]
2022-12-20 17:56:07 INFO  BuildYourOwnComputerPage :95 - Click on add to cart[[ChromeDriver: chrome on WINDOWS (2f3c41bdff73b51a978263f06dc63c9d)] -> id: add-to-cart-button-1]
2022-12-20 17:56:07 INFO  BuildYourOwnComputerPage :100 - Get product added text[[ChromeDriver: chrome on WINDOWS (2f3c41bdff73b51a978263f06dc63c9d)] -> xpath: //body/div[@id='bar-notification']/div[1]/p[1]]
2022-12-20 17:56:07 INFO  BuildYourOwnComputerPage :105 - Click on close button[[ChromeDriver: chrome on WINDOWS (2f3c41bdff73b51a978263f06dc63c9d)] -> xpath: //span[@class='close']]
2022-12-20 17:56:07 INFO  BuildYourOwnComputerPage :110 - Mouse hover on shopping cart[[ChromeDriver: chrome on WINDOWS (2f3c41bdff73b51a978263f06dc63c9d)] -> xpath: //span[@class='cart-label']]
2022-12-20 17:56:07 INFO  BuildYourOwnComputerPage :115 - Click on go to cart button[[ChromeDriver: chrome on WINDOWS (2f3c41bdff73b51a978263f06dc63c9d)] -> xpath: //button[contains(text(),'Go to cart')]]
2022-12-20 17:56:09 INFO  CartPage :73 - Get shopping cart text[[ChromeDriver: chrome on WINDOWS (2f3c41bdff73b51a978263f06dc63c9d)] -> xpath: //h1[text()='Shopping cart']]
2022-12-20 17:56:09 INFO  CartPage :78 - Change quantity[[ChromeDriver: chrome on WINDOWS (2f3c41bdff73b51a978263f06dc63c9d)] -> xpath: //input[@value='1']]
2022-12-20 17:56:09 INFO  CartPage :84 - Click on update cart[[ChromeDriver: chrome on WINDOWS (2f3c41bdff73b51a978263f06dc63c9d)] -> id: updatecart]
2022-12-20 17:56:09 INFO  CartPage :89 - Get total[[ChromeDriver: chrome on WINDOWS (2f3c41bdff73b51a978263f06dc63c9d)] -> xpath: //tbody/tr[1]/td[6]/span[1]]
2022-12-20 17:56:09 INFO  CartPage :94 - Click on check box[[ChromeDriver: chrome on WINDOWS (2f3c41bdff73b51a978263f06dc63c9d)] -> id: termsofservice]
2022-12-20 17:56:09 INFO  CartPage :99 - Click on checkout button[[ChromeDriver: chrome on WINDOWS (2f3c41bdff73b51a978263f06dc63c9d)] -> id: checkout]
2022-12-20 17:56:10 INFO  CartPage :104 - Get welcome text[[ChromeDriver: chrome on WINDOWS (2f3c41bdff73b51a978263f06dc63c9d)] -> xpath: //h1[text()='Welcome, Please Sign In!']]
2022-12-20 17:56:10 INFO  CartPage :109 - Click on checkout as guest[[ChromeDriver: chrome on WINDOWS (2f3c41bdff73b51a978263f06dc63c9d)] -> xpath: //button[@class='button-1 checkout-as-guest-button']]
2022-12-20 17:56:11 INFO  CheckoutPage :84 - Enter first name[[ChromeDriver: chrome on WINDOWS (2f3c41bdff73b51a978263f06dc63c9d)] -> id: BillingNewAddress_FirstName]
2022-12-20 17:56:11 INFO  CheckoutPage :85 - Enter last name[[ChromeDriver: chrome on WINDOWS (2f3c41bdff73b51a978263f06dc63c9d)] -> id: BillingNewAddress_LastName]
2022-12-20 17:56:11 INFO  CheckoutPage :86 - Enter email id[[ChromeDriver: chrome on WINDOWS (2f3c41bdff73b51a978263f06dc63c9d)] -> id: BillingNewAddress_Email]
2022-12-20 17:56:11 INFO  CheckoutPage :87 - Select country[[ChromeDriver: chrome on WINDOWS (2f3c41bdff73b51a978263f06dc63c9d)] -> id: BillingNewAddress_CountryId]
2022-12-20 17:56:11 INFO  CheckoutPage :88 - Select city[[ChromeDriver: chrome on WINDOWS (2f3c41bdff73b51a978263f06dc63c9d)] -> id: BillingNewAddress_City]
2022-12-20 17:56:11 INFO  CheckoutPage :89 - Enter address[[ChromeDriver: chrome on WINDOWS (2f3c41bdff73b51a978263f06dc63c9d)] -> id: BillingNewAddress_Address1]
2022-12-20 17:56:11 INFO  CheckoutPage :90 - Enter postcode[[ChromeDriver: chrome on WINDOWS (2f3c41bdff73b51a978263f06dc63c9d)] -> id: BillingNewAddress_ZipPostalCode]
2022-12-20 17:56:11 INFO  CheckoutPage :91 - Enter phone number[[ChromeDriver: chrome on WINDOWS (2f3c41bdff73b51a978263f06dc63c9d)] -> id: BillingNewAddress_PhoneNumber]
2022-12-20 17:56:11 INFO  CheckoutPage :92 - Click on continue button[[ChromeDriver: chrome on WINDOWS (2f3c41bdff73b51a978263f06dc63c9d)] -> name: save]
2022-12-20 17:56:12 INFO  CheckoutPage :106 - Click on next day button[[ChromeDriver: chrome on WINDOWS (2f3c41bdff73b51a978263f06dc63c9d)] -> id: shippingoption_1]
2022-12-20 17:56:12 INFO  CheckoutPage :111 - Click on continue[[ChromeDriver: chrome on WINDOWS (2f3c41bdff73b51a978263f06dc63c9d)] -> xpath: //button[@onclick='ShippingMethod.save()']]
2022-12-20 17:56:12 INFO  PaymentPage :44 - CLick on credit card radio button[[ChromeDriver: chrome on WINDOWS (2f3c41bdff73b51a978263f06dc63c9d)] -> id: paymentmethod_1]
2022-12-20 17:56:12 INFO  PaymentPage :49 - Click on continue[[ChromeDriver: chrome on WINDOWS (2f3c41bdff73b51a978263f06dc63c9d)] -> xpath: //li[4]/div[2]/div[1]/button[1]]
2022-12-20 17:56:13 INFO  PaymentPage :54 - Select master card[[ChromeDriver: chrome on WINDOWS (2f3c41bdff73b51a978263f06dc63c9d)] -> id: CreditCardType]
2022-12-20 17:56:13 INFO  PaymentPage :59 - Enter card holder name[[ChromeDriver: chrome on WINDOWS (2f3c41bdff73b51a978263f06dc63c9d)] -> id: CardholderName]
2022-12-20 17:56:13 INFO  PaymentPage :60 - Enter card number[[ChromeDriver: chrome on WINDOWS (2f3c41bdff73b51a978263f06dc63c9d)] -> id: CardNumber]
2022-12-20 17:56:13 INFO  PaymentPage :61 - Select expire month[[ChromeDriver: chrome on WINDOWS (2f3c41bdff73b51a978263f06dc63c9d)] -> id: ExpireMonth]
2022-12-20 17:56:13 INFO  PaymentPage :62 - Select expire year[[ChromeDriver: chrome on WINDOWS (2f3c41bdff73b51a978263f06dc63c9d)] -> id: ExpireYear]
2022-12-20 17:56:13 INFO  PaymentPage :63 - Enter card code[[ChromeDriver: chrome on WINDOWS (2f3c41bdff73b51a978263f06dc63c9d)] -> id: CardCode]
2022-12-20 17:56:13 INFO  PaymentPage :64 - Click on continue button[[ChromeDriver: chrome on WINDOWS (2f3c41bdff73b51a978263f06dc63c9d)] -> xpath: //li[5]/div[2]/div[1]/button[1]]
2022-12-20 17:56:14 INFO  ConfirmOrderPage :57 - Get credit card text[[ChromeDriver: chrome on WINDOWS (2f3c41bdff73b51a978263f06dc63c9d)] -> xpath: //span[contains(text(),'Credit Card')]]
2022-12-20 17:56:14 INFO  ConfirmOrderPage :62 - Get next day air text[[ChromeDriver: chrome on WINDOWS (2f3c41bdff73b51a978263f06dc63c9d)] -> xpath: //body/div[6]/div[3]/div[1]/div[1]/div[1]/div[2]/ol[1]/li[6]/div[2]/div[1]/div[1]/div[1]/div[1]/div[1]/div[2]/div[2]/ul[1]/li[1]/span[2]]
2022-12-20 17:56:14 INFO  ConfirmOrderPage :67 - Click on confirm button[[ChromeDriver: chrome on WINDOWS (2f3c41bdff73b51a978263f06dc63c9d)] -> xpath: //button[contains(text(),'Confirm')]]
2022-12-20 17:56:15 INFO  ConfirmOrderPage :72 - Get thank you text[[ChromeDriver: chrome on WINDOWS (2f3c41bdff73b51a978263f06dc63c9d)] -> xpath: //h1[contains(text(),'Thank you')]]
2022-12-20 17:56:15 INFO  ConfirmOrderPage :77 - Get success message[[ChromeDriver: chrome on WINDOWS (2f3c41bdff73b51a978263f06dc63c9d)] -> xpath: //strong[contains(text(),'Your order has been successfully processed!')]]
2022-12-20 17:56:15 INFO  ConfirmOrderPage :82 - Click on continue button[[ChromeDriver: chrome on WINDOWS (2f3c41bdff73b51a978263f06dc63c9d)] -> xpath: //button[contains(text(),'Continue')]]
2022-12-20 17:56:15 INFO  HomePage :40 - Get welcome to store text[[ChromeDriver: chrome on WINDOWS (2f3c41bdff73b51a978263f06dc63c9d)] -> xpath: //h2[contains(text(),'Welcome to our store')]]
2022-12-20 17:56:19 INFO  HomePage :45 - Hover on electronic[[ChromeDriver: chrome on WINDOWS (eafd99ed03f8f7dcb785ff331dcbd3c0)] -> xpath: //a[text()='Electronics ']]
2022-12-20 17:56:19 INFO  HomePage :50 - Click on cell phones[[ChromeDriver: chrome on WINDOWS (eafd99ed03f8f7dcb785ff331dcbd3c0)] -> xpath: //ul[1]/li[2]/ul[1]/li[2]/a[1]]
2022-12-20 17:56:19 INFO  CellPhonesPage :51 - Get cell phone text[[ChromeDriver: chrome on WINDOWS (eafd99ed03f8f7dcb785ff331dcbd3c0)] -> xpath: //h1[text()='Cell phones']]
2022-12-20 17:56:23 INFO  HomePage :45 - Hover on electronic[[ChromeDriver: chrome on WINDOWS (d75fe55699cc1f0801dd3e6e41cef5d8)] -> xpath: //a[text()='Electronics ']]
2022-12-20 17:56:23 INFO  HomePage :50 - Click on cell phones[[ChromeDriver: chrome on WINDOWS (d75fe55699cc1f0801dd3e6e41cef5d8)] -> xpath: //ul[1]/li[2]/ul[1]/li[2]/a[1]]
2022-12-20 17:56:24 INFO  CellPhonesPage :51 - Get cell phone text[[ChromeDriver: chrome on WINDOWS (d75fe55699cc1f0801dd3e6e41cef5d8)] -> xpath: //h1[text()='Cell phones']]
2022-12-20 17:56:24 INFO  CellPhonesPage :56 - Click on list view tab[[ChromeDriver: chrome on WINDOWS (d75fe55699cc1f0801dd3e6e41cef5d8)] -> xpath: //a[contains(text(),'List')]]
2022-12-20 17:56:29 INFO  CellPhonesPage :61 - Click on nokia lumia product[[ChromeDriver: chrome on WINDOWS (d75fe55699cc1f0801dd3e6e41cef5d8)] -> xpath: //div[3]/div[1]/div[2]/h2[1]/a]
2022-12-20 17:56:30 INFO  CellPhonesPage :66 - Verify nokia lumia text[[ChromeDriver: chrome on WINDOWS (d75fe55699cc1f0801dd3e6e41cef5d8)] -> xpath: //h1[text()='Nokia Lumia 1020']]
2022-12-20 17:56:30 INFO  CellPhonesPage :71 - Verify price[[ChromeDriver: chrome on WINDOWS (d75fe55699cc1f0801dd3e6e41cef5d8)] -> id: price-value-20]
2022-12-20 17:56:30 INFO  CellPhonesPage :76 - Change quantity[[ChromeDriver: chrome on WINDOWS (d75fe55699cc1f0801dd3e6e41cef5d8)] -> name: addtocart_20.EnteredQuantity]
2022-12-20 17:56:30 INFO  CellPhonesPage :82 - Click on add to cart[[ChromeDriver: chrome on WINDOWS (d75fe55699cc1f0801dd3e6e41cef5d8)] -> id: add-to-cart-button-20]
2022-12-20 17:56:31 INFO  CellPhonesPage :87 - Verify product added in shopping cart text[[ChromeDriver: chrome on WINDOWS (d75fe55699cc1f0801dd3e6e41cef5d8)] -> xpath: //body/div[@id='bar-notification']/div[1]/p[1]]
2022-12-20 17:56:31 INFO  CellPhonesPage :92 - Click on close button[[ChromeDriver: chrome on WINDOWS (d75fe55699cc1f0801dd3e6e41cef5d8)] -> xpath: //span[@title='Close']]
2022-12-20 17:56:31 INFO  CellPhonesPage :97 - Mouse hover on shopping cart[[ChromeDriver: chrome on WINDOWS (d75fe55699cc1f0801dd3e6e41cef5d8)] -> xpath: //span[text()='Shopping cart']]
2022-12-20 17:56:31 INFO  CellPhonesPage :98 - Click on go to cart[[ChromeDriver: chrome on WINDOWS (d75fe55699cc1f0801dd3e6e41cef5d8)] -> xpath: //button[text()='Go to cart']]
2022-12-20 17:56:32 INFO  CartPage :114 - Verify shopping cart text[[ChromeDriver: chrome on WINDOWS (d75fe55699cc1f0801dd3e6e41cef5d8)] -> xpath: //h1[text()='Shopping cart']]
2022-12-20 17:56:32 INFO  CartPage :119 - Verify quantity[[ChromeDriver: chrome on WINDOWS (d75fe55699cc1f0801dd3e6e41cef5d8)] -> xpath: //span[contains(text(),'(2)')]]
2022-12-20 17:56:32 INFO  CartPage :124 - Verify total[[ChromeDriver: chrome on WINDOWS (d75fe55699cc1f0801dd3e6e41cef5d8)] -> xpath: //tbody/tr[1]/td[6]/span[1]]
2022-12-20 17:56:32 INFO  CartPage :94 - Click on check box[[ChromeDriver: chrome on WINDOWS (d75fe55699cc1f0801dd3e6e41cef5d8)] -> id: termsofservice]
2022-12-20 17:56:32 INFO  CartPage :99 - Click on checkout button[[ChromeDriver: chrome on WINDOWS (d75fe55699cc1f0801dd3e6e41cef5d8)] -> id: checkout]
2022-12-20 17:56:33 INFO  CartPage :139 - Verify welcome message[[ChromeDriver: chrome on WINDOWS (d75fe55699cc1f0801dd3e6e41cef5d8)] -> xpath: //h1[text()='Welcome, Please Sign In!']]
2022-12-20 17:56:33 INFO  CartPage :144 - Click on register tab[[ChromeDriver: chrome on WINDOWS (d75fe55699cc1f0801dd3e6e41cef5d8)] -> xpath: //button[text()='Register']]
2022-12-20 17:56:33 INFO  RegisterPage :57 - Verify register text[[ChromeDriver: chrome on WINDOWS (d75fe55699cc1f0801dd3e6e41cef5d8)] -> xpath: //h1[text()='Register']]
2022-12-20 17:56:33 INFO  RegisterPage :62 - Click on gender[[ChromeDriver: chrome on WINDOWS (d75fe55699cc1f0801dd3e6e41cef5d8)] -> id: gender-male]
2022-12-20 17:56:33 INFO  RegisterPage :63 - Enter first name[[ChromeDriver: chrome on WINDOWS (d75fe55699cc1f0801dd3e6e41cef5d8)] -> id: FirstName]
2022-12-20 17:56:33 INFO  RegisterPage :64 - Enter last name[[ChromeDriver: chrome on WINDOWS (d75fe55699cc1f0801dd3e6e41cef5d8)] -> id: LastName]
2022-12-20 17:56:33 INFO  RegisterPage :65 - Select day[[ChromeDriver: chrome on WINDOWS (d75fe55699cc1f0801dd3e6e41cef5d8)] -> name: DateOfBirthDay]
2022-12-20 17:56:33 INFO  RegisterPage :66 - Select month[[ChromeDriver: chrome on WINDOWS (d75fe55699cc1f0801dd3e6e41cef5d8)] -> name: DateOfBirthMonth]
2022-12-20 17:56:33 INFO  RegisterPage :67 - Select year[[ChromeDriver: chrome on WINDOWS (d75fe55699cc1f0801dd3e6e41cef5d8)] -> name: DateOfBirthYear]
2022-12-20 17:56:33 INFO  RegisterPage :68 - Enter email[[ChromeDriver: chrome on WINDOWS (d75fe55699cc1f0801dd3e6e41cef5d8)] -> id: Email]
2022-12-20 17:56:33 INFO  RegisterPage :69 - Enter password[[ChromeDriver: chrome on WINDOWS (d75fe55699cc1f0801dd3e6e41cef5d8)] -> id: Password]
2022-12-20 17:56:33 INFO  RegisterPage :70 - Enter confirm password[[ChromeDriver: chrome on WINDOWS (d75fe55699cc1f0801dd3e6e41cef5d8)] -> id: ConfirmPassword]
2022-12-20 17:56:34 INFO  RegisterPage :84 - Click on registration button[[ChromeDriver: chrome on WINDOWS (d75fe55699cc1f0801dd3e6e41cef5d8)] -> id: register-button]
2022-12-20 17:56:35 INFO  RegisterPage :89 - Verify registration text[[ChromeDriver: chrome on WINDOWS (d75fe55699cc1f0801dd3e6e41cef5d8)] -> xpath: //div[text()='Your registration completed']]
2022-12-20 17:56:35 INFO  RegisterPage :94 - Click on continue tab[[ChromeDriver: chrome on WINDOWS (d75fe55699cc1f0801dd3e6e41cef5d8)] -> xpath: //a[text()='Continue']]
2022-12-20 17:56:35 INFO  CartPage :149 - Check shopping cart text[[ChromeDriver: chrome on WINDOWS (d75fe55699cc1f0801dd3e6e41cef5d8)] -> xpath: //h1[text()='Shopping cart']]
2022-12-20 17:57:05 INFO  TopMenuPage :45 - Verify Computer text[[ChromeDriver: chrome on WINDOWS (c7c734b47e70bac705be8aab4fefa527)] -> xpath: //a[@href='/computers']]
2022-12-20 17:57:10 INFO  TopMenuPage :50 - Verify electronics text[[ChromeDriver: chrome on WINDOWS (ac4cfcab93dcbfd6ec0a1c655a3c3d13)] -> xpath: //a[@href='/electronics']]
2022-12-20 17:57:14 INFO  TopMenuPage :55 - Verify apparel text[[ChromeDriver: chrome on WINDOWS (925e508a30bd4c96bd224399c95e1927)] -> xpath: //a[@href='/apparel']]
2022-12-20 17:58:06 INFO  HomePage :35 - Click on computer menu[[ChromeDriver: chrome on WINDOWS (8e0668ae68db66010e3438d64c557ceb)] -> xpath: //ul[1]/li/a[text()='Computers ']]
2022-12-20 17:58:06 INFO  ComputersPage :19 - Click on desktops[[ChromeDriver: chrome on WINDOWS (8e0668ae68db66010e3438d64c557ceb)] -> xpath: //img[@alt='Picture for category Desktops']]
2022-12-20 17:58:07 INFO  DesktopsPage :32 - Select sort A to Z[[ChromeDriver: chrome on WINDOWS (8e0668ae68db66010e3438d64c557ceb)] -> name: products-orderby]
2022-12-20 17:58:12 INFO  DesktopsPage :37 - CLick on add to cart button[[ChromeDriver: chrome on WINDOWS (8e0668ae68db66010e3438d64c557ceb)] -> xpath: //body/div[6]/div[3]/div[1]/div[3]/div[1]/div[2]/div[2]/div[2]/div[1]/div[1]/div[1]/div[1]/div[2]/div[3]/div[2]/button[1]]
2022-12-20 17:58:13 INFO  BuildYourOwnComputerPage :60 - Get build your own computer text[[ChromeDriver: chrome on WINDOWS (8e0668ae68db66010e3438d64c557ceb)] -> xpath: //h1[text()='Build your own computer']]
2022-12-20 17:58:13 INFO  BuildYourOwnComputerPage :65 - Select processor[[ChromeDriver: chrome on WINDOWS (8e0668ae68db66010e3438d64c557ceb)] -> name: product_attribute_1]
2022-12-20 17:58:14 INFO  BuildYourOwnComputerPage :70 - Select ram[[ChromeDriver: chrome on WINDOWS (8e0668ae68db66010e3438d64c557ceb)] -> name: product_attribute_2]
2022-12-20 17:58:14 INFO  BuildYourOwnComputerPage :75 - Select hdd[[ChromeDriver: chrome on WINDOWS (8e0668ae68db66010e3438d64c557ceb)] -> id: product_attribute_3_7]
2022-12-20 17:58:14 INFO  BuildYourOwnComputerPage :80 - Select vista premium Os[[ChromeDriver: chrome on WINDOWS (8e0668ae68db66010e3438d64c557ceb)] -> id: product_attribute_4_9]
2022-12-20 17:58:14 INFO  BuildYourOwnComputerPage :85 - Click on total command[[ChromeDriver: chrome on WINDOWS (8e0668ae68db66010e3438d64c557ceb)] -> id: product_attribute_5_12]
2022-12-20 17:58:19 INFO  BuildYourOwnComputerPage :90 - Get price[[ChromeDriver: chrome on WINDOWS (8e0668ae68db66010e3438d64c557ceb)] -> id: price-value-1]
2022-12-20 17:58:23 INFO  HomePage :45 - Hover on electronic[[ChromeDriver: chrome on WINDOWS (729eb9a2ec36b49138bf52fbc1439384)] -> xpath: //a[text()='Electronics ']]
2022-12-20 17:58:23 INFO  HomePage :50 - Click on cell phones[[ChromeDriver: chrome on WINDOWS (729eb9a2ec36b49138bf52fbc1439384)] -> xpath: //ul[1]/li[2]/ul[1]/li[2]/a[1]]
2022-12-20 17:58:24 INFO  CellPhonesPage :51 - Get cell phone text[[ChromeDriver: chrome on WINDOWS (729eb9a2ec36b49138bf52fbc1439384)] -> xpath: //h1[text()='Cell phones']]
2022-12-20 17:58:24 INFO  CellPhonesPage :56 - Click on list view tab[[ChromeDriver: chrome on WINDOWS (729eb9a2ec36b49138bf52fbc1439384)] -> xpath: //a[contains(text(),'List')]]
2022-12-20 17:58:29 INFO  CellPhonesPage :61 - Click on nokia lumia product[[ChromeDriver: chrome on WINDOWS (729eb9a2ec36b49138bf52fbc1439384)] -> xpath: //div[3]/div[1]/div[2]/h2[1]/a]
2022-12-20 17:58:31 INFO  CellPhonesPage :66 - Verify nokia lumia text[[ChromeDriver: chrome on WINDOWS (729eb9a2ec36b49138bf52fbc1439384)] -> xpath: //h1[text()='Nokia Lumia 1020']]
2022-12-20 17:58:31 INFO  CellPhonesPage :71 - Verify price[[ChromeDriver: chrome on WINDOWS (729eb9a2ec36b49138bf52fbc1439384)] -> id: price-value-20]
2022-12-20 17:58:31 INFO  CellPhonesPage :76 - Change quantity[[ChromeDriver: chrome on WINDOWS (729eb9a2ec36b49138bf52fbc1439384)] -> name: addtocart_20.EnteredQuantity]
2022-12-20 17:58:31 INFO  CellPhonesPage :82 - Click on add to cart[[ChromeDriver: chrome on WINDOWS (729eb9a2ec36b49138bf52fbc1439384)] -> id: add-to-cart-button-20]
2022-12-20 17:58:31 INFO  CellPhonesPage :87 - Verify product added in shopping cart text[[ChromeDriver: chrome on WINDOWS (729eb9a2ec36b49138bf52fbc1439384)] -> xpath: //body/div[@id='bar-notification']/div[1]/p[1]]
2022-12-20 17:58:31 INFO  CellPhonesPage :92 - Click on close button[[ChromeDriver: chrome on WINDOWS (729eb9a2ec36b49138bf52fbc1439384)] -> xpath: //span[@title='Close']]
2022-12-20 17:58:31 INFO  CellPhonesPage :97 - Mouse hover on shopping cart[[ChromeDriver: chrome on WINDOWS (729eb9a2ec36b49138bf52fbc1439384)] -> xpath: //span[text()='Shopping cart']]
2022-12-20 17:58:31 INFO  CellPhonesPage :98 - Click on go to cart[[ChromeDriver: chrome on WINDOWS (729eb9a2ec36b49138bf52fbc1439384)] -> xpath: //button[text()='Go to cart']]
2022-12-20 17:58:33 INFO  CartPage :114 - Verify shopping cart text[[ChromeDriver: chrome on WINDOWS (729eb9a2ec36b49138bf52fbc1439384)] -> xpath: //h1[text()='Shopping cart']]
2022-12-20 17:58:33 INFO  CartPage :119 - Verify quantity[[ChromeDriver: chrome on WINDOWS (729eb9a2ec36b49138bf52fbc1439384)] -> xpath: //span[contains(text(),'(2)')]]
2022-12-20 17:58:33 INFO  CartPage :124 - Verify total[[ChromeDriver: chrome on WINDOWS (729eb9a2ec36b49138bf52fbc1439384)] -> xpath: //tbody/tr[1]/td[6]/span[1]]
2022-12-20 17:58:33 INFO  CartPage :94 - Click on check box[[ChromeDriver: chrome on WINDOWS (729eb9a2ec36b49138bf52fbc1439384)] -> id: termsofservice]
2022-12-20 17:58:33 INFO  CartPage :99 - Click on checkout button[[ChromeDriver: chrome on WINDOWS (729eb9a2ec36b49138bf52fbc1439384)] -> id: checkout]
2022-12-20 17:58:33 INFO  CartPage :139 - Verify welcome message[[ChromeDriver: chrome on WINDOWS (729eb9a2ec36b49138bf52fbc1439384)] -> xpath: //h1[text()='Welcome, Please Sign In!']]
2022-12-20 17:58:34 INFO  CartPage :144 - Click on register tab[[ChromeDriver: chrome on WINDOWS (729eb9a2ec36b49138bf52fbc1439384)] -> xpath: //button[text()='Register']]
2022-12-20 17:58:34 INFO  RegisterPage :57 - Verify register text[[ChromeDriver: chrome on WINDOWS (729eb9a2ec36b49138bf52fbc1439384)] -> xpath: //h1[text()='Register']]
2022-12-20 17:58:34 INFO  RegisterPage :62 - Click on gender[[ChromeDriver: chrome on WINDOWS (729eb9a2ec36b49138bf52fbc1439384)] -> id: gender-male]
2022-12-20 17:58:34 INFO  RegisterPage :63 - Enter first name[[ChromeDriver: chrome on WINDOWS (729eb9a2ec36b49138bf52fbc1439384)] -> id: FirstName]
2022-12-20 17:58:34 INFO  RegisterPage :64 - Enter last name[[ChromeDriver: chrome on WINDOWS (729eb9a2ec36b49138bf52fbc1439384)] -> id: LastName]
2022-12-20 17:58:34 INFO  RegisterPage :65 - Select day[[ChromeDriver: chrome on WINDOWS (729eb9a2ec36b49138bf52fbc1439384)] -> name: DateOfBirthDay]
2022-12-20 17:58:34 INFO  RegisterPage :66 - Select month[[ChromeDriver: chrome on WINDOWS (729eb9a2ec36b49138bf52fbc1439384)] -> name: DateOfBirthMonth]
2022-12-20 17:58:34 INFO  RegisterPage :67 - Select year[[ChromeDriver: chrome on WINDOWS (729eb9a2ec36b49138bf52fbc1439384)] -> name: DateOfBirthYear]
2022-12-20 17:58:34 INFO  RegisterPage :68 - Enter email[[ChromeDriver: chrome on WINDOWS (729eb9a2ec36b49138bf52fbc1439384)] -> id: Email]
2022-12-20 17:58:34 INFO  RegisterPage :69 - Enter password[[ChromeDriver: chrome on WINDOWS (729eb9a2ec36b49138bf52fbc1439384)] -> id: Password]
2022-12-20 17:58:34 INFO  RegisterPage :70 - Enter confirm password[[ChromeDriver: chrome on WINDOWS (729eb9a2ec36b49138bf52fbc1439384)] -> id: ConfirmPassword]
2022-12-20 17:58:35 INFO  RegisterPage :84 - Click on registration button[[ChromeDriver: chrome on WINDOWS (729eb9a2ec36b49138bf52fbc1439384)] -> id: register-button]
2022-12-20 17:58:35 INFO  RegisterPage :89 - Verify registration text[[ChromeDriver: chrome on WINDOWS (729eb9a2ec36b49138bf52fbc1439384)] -> xpath: //div[text()='Your registration completed']]
2022-12-20 17:58:35 INFO  RegisterPage :94 - Click on continue tab[[ChromeDriver: chrome on WINDOWS (729eb9a2ec36b49138bf52fbc1439384)] -> xpath: //a[text()='Continue']]
2022-12-20 17:58:36 INFO  CartPage :149 - Check shopping cart text[[ChromeDriver: chrome on WINDOWS (729eb9a2ec36b49138bf52fbc1439384)] -> xpath: //h1[text()='Shopping cart']]
2022-12-20 17:59:06 INFO  TopMenuPage :50 - Verify electronics text[[ChromeDriver: chrome on WINDOWS (cc0cd3b80f1d2e5804f588660a965b8d)] -> xpath: //a[@href='/electronics']]
2022-12-20 17:59:56 INFO  HomePage :35 - Click on computer menu[[ChromeDriver: chrome on WINDOWS (f437ea8978b5183074b37f0b3274ca44)] -> xpath: //ul[1]/li/a[text()='Computers ']]
2022-12-20 17:59:57 INFO  ComputersPage :19 - Click on desktops[[ChromeDriver: chrome on WINDOWS (f437ea8978b5183074b37f0b3274ca44)] -> xpath: //img[@alt='Picture for category Desktops']]
2022-12-20 17:59:57 INFO  DesktopsPage :32 - Select sort A to Z[[ChromeDriver: chrome on WINDOWS (f437ea8978b5183074b37f0b3274ca44)] -> name: products-orderby]
2022-12-20 18:00:02 INFO  DesktopsPage :37 - CLick on add to cart button[[ChromeDriver: chrome on WINDOWS (f437ea8978b5183074b37f0b3274ca44)] -> xpath: //body/div[6]/div[3]/div[1]/div[3]/div[1]/div[2]/div[2]/div[2]/div[1]/div[1]/div[1]/div[1]/div[2]/div[3]/div[2]/button[1]]
2022-12-20 18:00:03 INFO  BuildYourOwnComputerPage :60 - Get build your own computer text[[ChromeDriver: chrome on WINDOWS (f437ea8978b5183074b37f0b3274ca44)] -> xpath: //h1[text()='Build your own computer']]
2022-12-20 18:00:03 INFO  BuildYourOwnComputerPage :65 - Select processor[[ChromeDriver: chrome on WINDOWS (f437ea8978b5183074b37f0b3274ca44)] -> name: product_attribute_1]
2022-12-20 18:00:03 INFO  BuildYourOwnComputerPage :70 - Select ram[[ChromeDriver: chrome on WINDOWS (f437ea8978b5183074b37f0b3274ca44)] -> name: product_attribute_2]
2022-12-20 18:00:03 INFO  BuildYourOwnComputerPage :75 - Select hdd[[ChromeDriver: chrome on WINDOWS (f437ea8978b5183074b37f0b3274ca44)] -> id: product_attribute_3_7]
2022-12-20 18:00:04 INFO  BuildYourOwnComputerPage :80 - Select vista premium Os[[ChromeDriver: chrome on WINDOWS (f437ea8978b5183074b37f0b3274ca44)] -> id: product_attribute_4_9]
2022-12-20 18:00:04 INFO  BuildYourOwnComputerPage :85 - Click on total command[[ChromeDriver: chrome on WINDOWS (f437ea8978b5183074b37f0b3274ca44)] -> id: product_attribute_5_12]
2022-12-20 18:00:09 INFO  BuildYourOwnComputerPage :90 - Get price[[ChromeDriver: chrome on WINDOWS (f437ea8978b5183074b37f0b3274ca44)] -> id: price-value-1]
2022-12-20 18:01:15 INFO  HomePage :35 - Click on computer menu[[ChromeDriver: chrome on WINDOWS (ec903129b86bd3e562ba258231a1a39a)] -> xpath: //ul[1]/li/a[text()='Computers ']]
2022-12-20 18:01:16 INFO  ComputersPage :19 - Click on desktops[[ChromeDriver: chrome on WINDOWS (ec903129b86bd3e562ba258231a1a39a)] -> xpath: //img[@alt='Picture for category Desktops']]
2022-12-20 18:01:17 INFO  DesktopsPage :32 - Select sort A to Z[[ChromeDriver: chrome on WINDOWS (ec903129b86bd3e562ba258231a1a39a)] -> name: products-orderby]
2022-12-20 18:01:22 INFO  DesktopsPage :37 - CLick on add to cart button[[ChromeDriver: chrome on WINDOWS (ec903129b86bd3e562ba258231a1a39a)] -> xpath: //body/div[6]/div[3]/div[1]/div[3]/div[1]/div[2]/div[2]/div[2]/div[1]/div[1]/div[1]/div[1]/div[2]/div[3]/div[2]/button[1]]
2022-12-20 18:01:23 INFO  BuildYourOwnComputerPage :60 - Get build your own computer text[[ChromeDriver: chrome on WINDOWS (ec903129b86bd3e562ba258231a1a39a)] -> xpath: //h1[text()='Build your own computer']]
2022-12-20 18:01:23 INFO  BuildYourOwnComputerPage :65 - Select processor[[ChromeDriver: chrome on WINDOWS (ec903129b86bd3e562ba258231a1a39a)] -> name: product_attribute_1]
2022-12-20 18:01:23 INFO  BuildYourOwnComputerPage :70 - Select ram[[ChromeDriver: chrome on WINDOWS (ec903129b86bd3e562ba258231a1a39a)] -> name: product_attribute_2]
2022-12-20 18:01:24 INFO  BuildYourOwnComputerPage :75 - Select hdd[[ChromeDriver: chrome on WINDOWS (ec903129b86bd3e562ba258231a1a39a)] -> id: product_attribute_3_7]
2022-12-20 18:01:24 INFO  BuildYourOwnComputerPage :80 - Select vista premium Os[[ChromeDriver: chrome on WINDOWS (ec903129b86bd3e562ba258231a1a39a)] -> id: product_attribute_4_9]
2022-12-20 18:01:24 INFO  BuildYourOwnComputerPage :85 - Click on total command[[ChromeDriver: chrome on WINDOWS (ec903129b86bd3e562ba258231a1a39a)] -> id: product_attribute_5_12]
2022-12-20 18:01:29 INFO  BuildYourOwnComputerPage :90 - Get price[[ChromeDriver: chrome on WINDOWS (ec903129b86bd3e562ba258231a1a39a)] -> id: price-value-1]
2022-12-20 18:01:29 INFO  BuildYourOwnComputerPage :95 - Click on add to cart[[ChromeDriver: chrome on WINDOWS (ec903129b86bd3e562ba258231a1a39a)] -> id: add-to-cart-button-1]
2022-12-20 18:01:29 INFO  BuildYourOwnComputerPage :100 - Get product added text[[ChromeDriver: chrome on WINDOWS (ec903129b86bd3e562ba258231a1a39a)] -> xpath: //body/div[@id='bar-notification']/div[1]/p[1]]
2022-12-20 18:01:29 INFO  BuildYourOwnComputerPage :105 - Click on close button[[ChromeDriver: chrome on WINDOWS (ec903129b86bd3e562ba258231a1a39a)] -> xpath: //span[@class='close']]
2022-12-20 18:01:29 INFO  BuildYourOwnComputerPage :110 - Mouse hover on shopping cart[[ChromeDriver: chrome on WINDOWS (ec903129b86bd3e562ba258231a1a39a)] -> xpath: //span[@class='cart-label']]
2022-12-20 18:01:29 INFO  BuildYourOwnComputerPage :115 - Click on go to cart button[[ChromeDriver: chrome on WINDOWS (ec903129b86bd3e562ba258231a1a39a)] -> xpath: //button[contains(text(),'Go to cart')]]
2022-12-20 18:01:31 INFO  CartPage :73 - Get shopping cart text[[ChromeDriver: chrome on WINDOWS (ec903129b86bd3e562ba258231a1a39a)] -> xpath: //h1[text()='Shopping cart']]
2022-12-20 18:01:31 INFO  CartPage :78 - Change quantity[[ChromeDriver: chrome on WINDOWS (ec903129b86bd3e562ba258231a1a39a)] -> xpath: //input[@value='1']]
2022-12-20 18:01:31 INFO  CartPage :84 - Click on update cart[[ChromeDriver: chrome on WINDOWS (ec903129b86bd3e562ba258231a1a39a)] -> id: updatecart]
2022-12-20 18:01:32 INFO  CartPage :89 - Get total[[ChromeDriver: chrome on WINDOWS (ec903129b86bd3e562ba258231a1a39a)] -> xpath: //tbody/tr[1]/td[6]/span[1]]
2022-12-20 18:01:32 INFO  CartPage :94 - Click on check box[[ChromeDriver: chrome on WINDOWS (ec903129b86bd3e562ba258231a1a39a)] -> id: termsofservice]
2022-12-20 18:01:32 INFO  CartPage :99 - Click on checkout button[[ChromeDriver: chrome on WINDOWS (ec903129b86bd3e562ba258231a1a39a)] -> id: checkout]
2022-12-20 18:01:33 INFO  CartPage :104 - Get welcome text[[ChromeDriver: chrome on WINDOWS (ec903129b86bd3e562ba258231a1a39a)] -> xpath: //h1[text()='Welcome, Please Sign In!']]
2022-12-20 18:01:33 INFO  CartPage :109 - Click on checkout as guest[[ChromeDriver: chrome on WINDOWS (ec903129b86bd3e562ba258231a1a39a)] -> xpath: //button[@class='button-1 checkout-as-guest-button']]
2022-12-20 18:01:34 INFO  CheckoutPage :84 - Enter first name[[ChromeDriver: chrome on WINDOWS (ec903129b86bd3e562ba258231a1a39a)] -> id: BillingNewAddress_FirstName]
2022-12-20 18:01:34 INFO  CheckoutPage :85 - Enter last name[[ChromeDriver: chrome on WINDOWS (ec903129b86bd3e562ba258231a1a39a)] -> id: BillingNewAddress_LastName]
2022-12-20 18:01:34 INFO  CheckoutPage :86 - Enter email id[[ChromeDriver: chrome on WINDOWS (ec903129b86bd3e562ba258231a1a39a)] -> id: BillingNewAddress_Email]
2022-12-20 18:01:34 INFO  CheckoutPage :87 - Select country[[ChromeDriver: chrome on WINDOWS (ec903129b86bd3e562ba258231a1a39a)] -> id: BillingNewAddress_CountryId]
2022-12-20 18:01:34 INFO  CheckoutPage :88 - Select city[[ChromeDriver: chrome on WINDOWS (ec903129b86bd3e562ba258231a1a39a)] -> id: BillingNewAddress_City]
2022-12-20 18:01:34 INFO  CheckoutPage :89 - Enter address[[ChromeDriver: chrome on WINDOWS (ec903129b86bd3e562ba258231a1a39a)] -> id: BillingNewAddress_Address1]
2022-12-20 18:01:34 INFO  CheckoutPage :90 - Enter postcode[[ChromeDriver: chrome on WINDOWS (ec903129b86bd3e562ba258231a1a39a)] -> id: BillingNewAddress_ZipPostalCode]
2022-12-20 18:01:34 INFO  CheckoutPage :91 - Enter phone number[[ChromeDriver: chrome on WINDOWS (ec903129b86bd3e562ba258231a1a39a)] -> id: BillingNewAddress_PhoneNumber]
2022-12-20 18:01:34 INFO  CheckoutPage :92 - Click on continue button[[ChromeDriver: chrome on WINDOWS (ec903129b86bd3e562ba258231a1a39a)] -> name: save]
2022-12-20 18:01:35 INFO  CheckoutPage :106 - Click on next day button[[ChromeDriver: chrome on WINDOWS (ec903129b86bd3e562ba258231a1a39a)] -> id: shippingoption_1]
2022-12-20 18:01:35 INFO  CheckoutPage :111 - Click on continue[[ChromeDriver: chrome on WINDOWS (ec903129b86bd3e562ba258231a1a39a)] -> xpath: //button[@onclick='ShippingMethod.save()']]
2022-12-20 18:01:36 INFO  PaymentPage :44 - CLick on credit card radio button[[ChromeDriver: chrome on WINDOWS (ec903129b86bd3e562ba258231a1a39a)] -> id: paymentmethod_1]
2022-12-20 18:01:36 INFO  PaymentPage :49 - Click on continue[[ChromeDriver: chrome on WINDOWS (ec903129b86bd3e562ba258231a1a39a)] -> xpath: //li[4]/div[2]/div[1]/button[1]]
2022-12-20 18:01:36 INFO  PaymentPage :54 - Select master card[[ChromeDriver: chrome on WINDOWS (ec903129b86bd3e562ba258231a1a39a)] -> id: CreditCardType]
2022-12-20 18:01:37 INFO  PaymentPage :59 - Enter card holder name[[ChromeDriver: chrome on WINDOWS (ec903129b86bd3e562ba258231a1a39a)] -> id: CardholderName]
2022-12-20 18:01:37 INFO  PaymentPage :60 - Enter card number[[ChromeDriver: chrome on WINDOWS (ec903129b86bd3e562ba258231a1a39a)] -> id: CardNumber]
2022-12-20 18:01:37 INFO  PaymentPage :61 - Select expire month[[ChromeDriver: chrome on WINDOWS (ec903129b86bd3e562ba258231a1a39a)] -> id: ExpireMonth]
2022-12-20 18:01:37 INFO  PaymentPage :62 - Select expire year[[ChromeDriver: chrome on WINDOWS (ec903129b86bd3e562ba258231a1a39a)] -> id: ExpireYear]
2022-12-20 18:01:37 INFO  PaymentPage :63 - Enter card code[[ChromeDriver: chrome on WINDOWS (ec903129b86bd3e562ba258231a1a39a)] -> id: CardCode]
2022-12-20 18:01:37 INFO  PaymentPage :64 - Click on continue button[[ChromeDriver: chrome on WINDOWS (ec903129b86bd3e562ba258231a1a39a)] -> xpath: //li[5]/div[2]/div[1]/button[1]]
2022-12-20 18:01:38 INFO  ConfirmOrderPage :57 - Get credit card text[[ChromeDriver: chrome on WINDOWS (ec903129b86bd3e562ba258231a1a39a)] -> xpath: //span[contains(text(),'Credit Card')]]
2022-12-20 18:01:38 INFO  ConfirmOrderPage :62 - Get next day air text[[ChromeDriver: chrome on WINDOWS (ec903129b86bd3e562ba258231a1a39a)] -> xpath: //body/div[6]/div[3]/div[1]/div[1]/div[1]/div[2]/ol[1]/li[6]/div[2]/div[1]/div[1]/div[1]/div[1]/div[1]/div[2]/div[2]/ul[1]/li[1]/span[2]]
2022-12-20 18:01:38 INFO  ConfirmOrderPage :67 - Click on confirm button[[ChromeDriver: chrome on WINDOWS (ec903129b86bd3e562ba258231a1a39a)] -> xpath: //button[contains(text(),'Confirm')]]
2022-12-20 18:01:39 INFO  ConfirmOrderPage :72 - Get thank you text[[ChromeDriver: chrome on WINDOWS (ec903129b86bd3e562ba258231a1a39a)] -> xpath: //h1[contains(text(),'Thank you')]]
2022-12-20 18:01:39 INFO  ConfirmOrderPage :77 - Get success message[[ChromeDriver: chrome on WINDOWS (ec903129b86bd3e562ba258231a1a39a)] -> xpath: //strong[contains(text(),'Your order has been successfully processed!')]]
2022-12-20 18:01:39 INFO  ConfirmOrderPage :82 - Click on continue button[[ChromeDriver: chrome on WINDOWS (ec903129b86bd3e562ba258231a1a39a)] -> xpath: //button[contains(text(),'Continue')]]
2022-12-20 18:01:39 INFO  HomePage :40 - Get welcome to store text[[ChromeDriver: chrome on WINDOWS (ec903129b86bd3e562ba258231a1a39a)] -> xpath: //h2[contains(text(),'Welcome to our store')]]
2022-12-20 18:02:24 INFO  HomePage :35 - Click on computer menu[[ChromeDriver: chrome on WINDOWS (1f6d637fd675ab50a7775f688f03550f)] -> xpath: //ul[1]/li/a[text()='Computers ']]
2022-12-20 18:02:25 INFO  ComputersPage :19 - Click on desktops[[ChromeDriver: chrome on WINDOWS (1f6d637fd675ab50a7775f688f03550f)] -> xpath: //img[@alt='Picture for category Desktops']]
2022-12-20 18:02:25 INFO  DesktopsPage :32 - Select sort A to Z[[ChromeDriver: chrome on WINDOWS (1f6d637fd675ab50a7775f688f03550f)] -> name: products-orderby]
2022-12-20 18:02:31 INFO  DesktopsPage :37 - CLick on add to cart button[[ChromeDriver: chrome on WINDOWS (1f6d637fd675ab50a7775f688f03550f)] -> xpath: //body/div[6]/div[3]/div[1]/div[3]/div[1]/div[2]/div[2]/div[2]/div[1]/div[1]/div[1]/div[1]/div[2]/div[3]/div[2]/button[1]]
2022-12-20 18:02:32 INFO  BuildYourOwnComputerPage :60 - Get build your own computer text[[ChromeDriver: chrome on WINDOWS (1f6d637fd675ab50a7775f688f03550f)] -> xpath: //h1[text()='Build your own computer']]
2022-12-20 18:02:32 INFO  BuildYourOwnComputerPage :65 - Select processor[[ChromeDriver: chrome on WINDOWS (1f6d637fd675ab50a7775f688f03550f)] -> name: product_attribute_1]
2022-12-20 18:02:32 INFO  BuildYourOwnComputerPage :70 - Select ram[[ChromeDriver: chrome on WINDOWS (1f6d637fd675ab50a7775f688f03550f)] -> name: product_attribute_2]
2022-12-20 18:02:32 INFO  BuildYourOwnComputerPage :75 - Select hdd[[ChromeDriver: chrome on WINDOWS (1f6d637fd675ab50a7775f688f03550f)] -> id: product_attribute_3_7]
2022-12-20 18:02:32 INFO  BuildYourOwnComputerPage :80 - Select vista premium Os[[ChromeDriver: chrome on WINDOWS (1f6d637fd675ab50a7775f688f03550f)] -> id: product_attribute_4_9]
2022-12-20 18:02:33 INFO  BuildYourOwnComputerPage :85 - Click on total command[[ChromeDriver: chrome on WINDOWS (1f6d637fd675ab50a7775f688f03550f)] -> id: product_attribute_5_12]
2022-12-20 18:02:38 INFO  BuildYourOwnComputerPage :90 - Get price[[ChromeDriver: chrome on WINDOWS (1f6d637fd675ab50a7775f688f03550f)] -> id: price-value-1]
2022-12-20 18:02:38 INFO  BuildYourOwnComputerPage :95 - Click on add to cart[[ChromeDriver: chrome on WINDOWS (1f6d637fd675ab50a7775f688f03550f)] -> id: add-to-cart-button-1]
2022-12-20 18:02:38 INFO  BuildYourOwnComputerPage :100 - Get product added text[[ChromeDriver: chrome on WINDOWS (1f6d637fd675ab50a7775f688f03550f)] -> xpath: //body/div[@id='bar-notification']/div[1]/p[1]]
2022-12-20 18:02:38 INFO  BuildYourOwnComputerPage :105 - Click on close button[[ChromeDriver: chrome on WINDOWS (1f6d637fd675ab50a7775f688f03550f)] -> xpath: //span[@class='close']]
2022-12-20 18:02:38 INFO  BuildYourOwnComputerPage :110 - Mouse hover on shopping cart[[ChromeDriver: chrome on WINDOWS (1f6d637fd675ab50a7775f688f03550f)] -> xpath: //span[@class='cart-label']]
2022-12-20 18:02:38 INFO  BuildYourOwnComputerPage :115 - Click on go to cart button[[ChromeDriver: chrome on WINDOWS (1f6d637fd675ab50a7775f688f03550f)] -> xpath: //button[contains(text(),'Go to cart')]]
2022-12-20 18:02:40 INFO  CartPage :73 - Get shopping cart text[[ChromeDriver: chrome on WINDOWS (1f6d637fd675ab50a7775f688f03550f)] -> xpath: //h1[text()='Shopping cart']]
2022-12-20 18:02:40 INFO  CartPage :78 - Change quantity[[ChromeDriver: chrome on WINDOWS (1f6d637fd675ab50a7775f688f03550f)] -> xpath: //input[@value='1']]
2022-12-20 18:02:40 INFO  CartPage :84 - Click on update cart[[ChromeDriver: chrome on WINDOWS (1f6d637fd675ab50a7775f688f03550f)] -> id: updatecart]
2022-12-20 18:02:40 INFO  CartPage :89 - Get total[[ChromeDriver: chrome on WINDOWS (1f6d637fd675ab50a7775f688f03550f)] -> xpath: //tbody/tr[1]/td[6]/span[1]]
2022-12-20 18:02:41 INFO  CartPage :94 - Click on check box[[ChromeDriver: chrome on WINDOWS (1f6d637fd675ab50a7775f688f03550f)] -> id: termsofservice]
2022-12-20 18:02:41 INFO  CartPage :99 - Click on checkout button[[ChromeDriver: chrome on WINDOWS (1f6d637fd675ab50a7775f688f03550f)] -> id: checkout]
2022-12-20 18:02:41 INFO  CartPage :104 - Get welcome text[[ChromeDriver: chrome on WINDOWS (1f6d637fd675ab50a7775f688f03550f)] -> xpath: //h1[text()='Welcome, Please Sign In!']]
2022-12-20 18:02:41 INFO  CartPage :109 - Click on checkout as guest[[ChromeDriver: chrome on WINDOWS (1f6d637fd675ab50a7775f688f03550f)] -> xpath: //button[@class='button-1 checkout-as-guest-button']]
2022-12-20 18:02:42 INFO  CheckoutPage :84 - Enter first name[[ChromeDriver: chrome on WINDOWS (1f6d637fd675ab50a7775f688f03550f)] -> id: BillingNewAddress_FirstName]
2022-12-20 18:02:42 INFO  CheckoutPage :85 - Enter last name[[ChromeDriver: chrome on WINDOWS (1f6d637fd675ab50a7775f688f03550f)] -> id: BillingNewAddress_LastName]
2022-12-20 18:02:42 INFO  CheckoutPage :86 - Enter email id[[ChromeDriver: chrome on WINDOWS (1f6d637fd675ab50a7775f688f03550f)] -> id: BillingNewAddress_Email]
2022-12-20 18:02:42 INFO  CheckoutPage :87 - Select country[[ChromeDriver: chrome on WINDOWS (1f6d637fd675ab50a7775f688f03550f)] -> id: BillingNewAddress_CountryId]
2022-12-20 18:02:42 INFO  CheckoutPage :88 - Select city[[ChromeDriver: chrome on WINDOWS (1f6d637fd675ab50a7775f688f03550f)] -> id: BillingNewAddress_City]
2022-12-20 18:02:42 INFO  CheckoutPage :89 - Enter address[[ChromeDriver: chrome on WINDOWS (1f6d637fd675ab50a7775f688f03550f)] -> id: BillingNewAddress_Address1]
2022-12-20 18:02:42 INFO  CheckoutPage :90 - Enter postcode[[ChromeDriver: chrome on WINDOWS (1f6d637fd675ab50a7775f688f03550f)] -> id: BillingNewAddress_ZipPostalCode]
2022-12-20 18:02:42 INFO  CheckoutPage :91 - Enter phone number[[ChromeDriver: chrome on WINDOWS (1f6d637fd675ab50a7775f688f03550f)] -> id: BillingNewAddress_PhoneNumber]
2022-12-20 18:02:42 INFO  CheckoutPage :92 - Click on continue button[[ChromeDriver: chrome on WINDOWS (1f6d637fd675ab50a7775f688f03550f)] -> name: save]
2022-12-20 18:02:44 INFO  CheckoutPage :106 - Click on next day button[[ChromeDriver: chrome on WINDOWS (1f6d637fd675ab50a7775f688f03550f)] -> id: shippingoption_1]
2022-12-20 18:02:44 INFO  CheckoutPage :111 - Click on continue[[ChromeDriver: chrome on WINDOWS (1f6d637fd675ab50a7775f688f03550f)] -> xpath: //button[@onclick='ShippingMethod.save()']]
2022-12-20 18:02:44 INFO  PaymentPage :44 - CLick on credit card radio button[[ChromeDriver: chrome on WINDOWS (1f6d637fd675ab50a7775f688f03550f)] -> id: paymentmethod_1]
2022-12-20 18:02:45 INFO  PaymentPage :49 - Click on continue[[ChromeDriver: chrome on WINDOWS (1f6d637fd675ab50a7775f688f03550f)] -> xpath: //li[4]/div[2]/div[1]/button[1]]
2022-12-20 18:02:45 INFO  PaymentPage :54 - Select master card[[ChromeDriver: chrome on WINDOWS (1f6d637fd675ab50a7775f688f03550f)] -> id: CreditCardType]
2022-12-20 18:02:45 INFO  PaymentPage :59 - Enter card holder name[[ChromeDriver: chrome on WINDOWS (1f6d637fd675ab50a7775f688f03550f)] -> id: CardholderName]
2022-12-20 18:02:45 INFO  PaymentPage :60 - Enter card number[[ChromeDriver: chrome on WINDOWS (1f6d637fd675ab50a7775f688f03550f)] -> id: CardNumber]
2022-12-20 18:02:45 INFO  PaymentPage :61 - Select expire month[[ChromeDriver: chrome on WINDOWS (1f6d637fd675ab50a7775f688f03550f)] -> id: ExpireMonth]
2022-12-20 18:02:45 INFO  PaymentPage :62 - Select expire year[[ChromeDriver: chrome on WINDOWS (1f6d637fd675ab50a7775f688f03550f)] -> id: ExpireYear]
2022-12-20 18:02:45 INFO  PaymentPage :63 - Enter card code[[ChromeDriver: chrome on WINDOWS (1f6d637fd675ab50a7775f688f03550f)] -> id: CardCode]
2022-12-20 18:02:45 INFO  PaymentPage :64 - Click on continue button[[ChromeDriver: chrome on WINDOWS (1f6d637fd675ab50a7775f688f03550f)] -> xpath: //li[5]/div[2]/div[1]/button[1]]
2022-12-20 18:02:46 INFO  ConfirmOrderPage :57 - Get credit card text[[ChromeDriver: chrome on WINDOWS (1f6d637fd675ab50a7775f688f03550f)] -> xpath: //span[contains(text(),'Credit Card')]]
2022-12-20 18:02:46 INFO  ConfirmOrderPage :62 - Get next day air text[[ChromeDriver: chrome on WINDOWS (1f6d637fd675ab50a7775f688f03550f)] -> xpath: //body/div[6]/div[3]/div[1]/div[1]/div[1]/div[2]/ol[1]/li[6]/div[2]/div[1]/div[1]/div[1]/div[1]/div[1]/div[2]/div[2]/ul[1]/li[1]/span[2]]
2022-12-20 18:02:46 INFO  ConfirmOrderPage :67 - Click on confirm button[[ChromeDriver: chrome on WINDOWS (1f6d637fd675ab50a7775f688f03550f)] -> xpath: //button[contains(text(),'Confirm')]]
2022-12-20 18:02:47 INFO  ConfirmOrderPage :72 - Get thank you text[[ChromeDriver: chrome on WINDOWS (1f6d637fd675ab50a7775f688f03550f)] -> xpath: //h1[contains(text(),'Thank you')]]
2022-12-20 18:02:47 INFO  ConfirmOrderPage :77 - Get success message[[ChromeDriver: chrome on WINDOWS (1f6d637fd675ab50a7775f688f03550f)] -> xpath: //strong[contains(text(),'Your order has been successfully processed!')]]
2022-12-20 18:02:47 INFO  ConfirmOrderPage :82 - Click on continue button[[ChromeDriver: chrome on WINDOWS (1f6d637fd675ab50a7775f688f03550f)] -> xpath: //button[contains(text(),'Continue')]]
2022-12-20 18:02:47 INFO  HomePage :40 - Get welcome to store text[[ChromeDriver: chrome on WINDOWS (1f6d637fd675ab50a7775f688f03550f)] -> xpath: //h2[contains(text(),'Welcome to our store')]]
2022-12-20 18:02:51 INFO  HomePage :45 - Hover on electronic[[ChromeDriver: chrome on WINDOWS (984c26a70cc50d6ade1080005263c7fa)] -> xpath: //a[text()='Electronics ']]
2022-12-20 18:02:51 INFO  HomePage :50 - Click on cell phones[[ChromeDriver: chrome on WINDOWS (984c26a70cc50d6ade1080005263c7fa)] -> xpath: //ul[1]/li[2]/ul[1]/li[2]/a[1]]
2022-12-20 18:02:52 INFO  CellPhonesPage :51 - Get cell phone text[[ChromeDriver: chrome on WINDOWS (984c26a70cc50d6ade1080005263c7fa)] -> xpath: //h1[text()='Cell phones']]
2022-12-20 18:02:52 INFO  CellPhonesPage :56 - Click on list view tab[[ChromeDriver: chrome on WINDOWS (984c26a70cc50d6ade1080005263c7fa)] -> xpath: //a[contains(text(),'List')]]
2022-12-20 18:02:58 INFO  CellPhonesPage :61 - Click on nokia lumia product[[ChromeDriver: chrome on WINDOWS (984c26a70cc50d6ade1080005263c7fa)] -> xpath: //div[3]/div[1]/div[2]/h2[1]/a]
2022-12-20 18:02:59 INFO  CellPhonesPage :66 - Verify nokia lumia text[[ChromeDriver: chrome on WINDOWS (984c26a70cc50d6ade1080005263c7fa)] -> xpath: //h1[text()='Nokia Lumia 1020']]
2022-12-20 18:02:59 INFO  CellPhonesPage :71 - Verify price[[ChromeDriver: chrome on WINDOWS (984c26a70cc50d6ade1080005263c7fa)] -> id: price-value-20]
2022-12-20 18:02:59 INFO  CellPhonesPage :76 - Change quantity[[ChromeDriver: chrome on WINDOWS (984c26a70cc50d6ade1080005263c7fa)] -> name: addtocart_20.EnteredQuantity]
2022-12-20 18:02:59 INFO  CellPhonesPage :82 - Click on add to cart[[ChromeDriver: chrome on WINDOWS (984c26a70cc50d6ade1080005263c7fa)] -> id: add-to-cart-button-20]
2022-12-20 18:02:59 INFO  CellPhonesPage :87 - Verify product added in shopping cart text[[ChromeDriver: chrome on WINDOWS (984c26a70cc50d6ade1080005263c7fa)] -> xpath: //body/div[@id='bar-notification']/div[1]/p[1]]
2022-12-20 18:02:59 INFO  CellPhonesPage :92 - Click on close button[[ChromeDriver: chrome on WINDOWS (984c26a70cc50d6ade1080005263c7fa)] -> xpath: //span[@title='Close']]
2022-12-20 18:02:59 INFO  CellPhonesPage :97 - Mouse hover on shopping cart[[ChromeDriver: chrome on WINDOWS (984c26a70cc50d6ade1080005263c7fa)] -> xpath: //span[text()='Shopping cart']]
2022-12-20 18:02:59 INFO  CellPhonesPage :98 - Click on go to cart[[ChromeDriver: chrome on WINDOWS (984c26a70cc50d6ade1080005263c7fa)] -> xpath: //button[text()='Go to cart']]
2022-12-20 18:03:01 INFO  CartPage :114 - Verify shopping cart text[[ChromeDriver: chrome on WINDOWS (984c26a70cc50d6ade1080005263c7fa)] -> xpath: //h1[text()='Shopping cart']]
2022-12-20 18:03:01 INFO  CartPage :119 - Verify quantity[[ChromeDriver: chrome on WINDOWS (984c26a70cc50d6ade1080005263c7fa)] -> xpath: //span[contains(text(),'(2)')]]
2022-12-20 18:03:01 INFO  CartPage :124 - Verify total[[ChromeDriver: chrome on WINDOWS (984c26a70cc50d6ade1080005263c7fa)] -> xpath: //tbody/tr[1]/td[6]/span[1]]
2022-12-20 18:03:01 INFO  CartPage :94 - Click on check box[[ChromeDriver: chrome on WINDOWS (984c26a70cc50d6ade1080005263c7fa)] -> id: termsofservice]
2022-12-20 18:03:01 INFO  CartPage :99 - Click on checkout button[[ChromeDriver: chrome on WINDOWS (984c26a70cc50d6ade1080005263c7fa)] -> id: checkout]
2022-12-20 18:03:01 INFO  CartPage :139 - Verify welcome message[[ChromeDriver: chrome on WINDOWS (984c26a70cc50d6ade1080005263c7fa)] -> xpath: //h1[text()='Welcome, Please Sign In!']]
2022-12-20 18:03:01 INFO  CartPage :144 - Click on register tab[[ChromeDriver: chrome on WINDOWS (984c26a70cc50d6ade1080005263c7fa)] -> xpath: //button[text()='Register']]
2022-12-20 18:03:02 INFO  RegisterPage :57 - Verify register text[[ChromeDriver: chrome on WINDOWS (984c26a70cc50d6ade1080005263c7fa)] -> xpath: //h1[text()='Register']]
2022-12-20 18:03:02 INFO  RegisterPage :62 - Click on gender[[ChromeDriver: chrome on WINDOWS (984c26a70cc50d6ade1080005263c7fa)] -> id: gender-male]
2022-12-20 18:03:02 INFO  RegisterPage :63 - Enter first name[[ChromeDriver: chrome on WINDOWS (984c26a70cc50d6ade1080005263c7fa)] -> id: FirstName]
2022-12-20 18:03:02 INFO  RegisterPage :64 - Enter last name[[ChromeDriver: chrome on WINDOWS (984c26a70cc50d6ade1080005263c7fa)] -> id: LastName]
2022-12-20 18:03:02 INFO  RegisterPage :65 - Select day[[ChromeDriver: chrome on WINDOWS (984c26a70cc50d6ade1080005263c7fa)] -> name: DateOfBirthDay]
2022-12-20 18:03:02 INFO  RegisterPage :66 - Select month[[ChromeDriver: chrome on WINDOWS (984c26a70cc50d6ade1080005263c7fa)] -> name: DateOfBirthMonth]
2022-12-20 18:03:02 INFO  RegisterPage :67 - Select year[[ChromeDriver: chrome on WINDOWS (984c26a70cc50d6ade1080005263c7fa)] -> name: DateOfBirthYear]
2022-12-20 18:03:02 INFO  RegisterPage :68 - Enter email[[ChromeDriver: chrome on WINDOWS (984c26a70cc50d6ade1080005263c7fa)] -> id: Email]
2022-12-20 18:03:02 INFO  RegisterPage :69 - Enter password[[ChromeDriver: chrome on WINDOWS (984c26a70cc50d6ade1080005263c7fa)] -> id: Password]
2022-12-20 18:03:02 INFO  RegisterPage :70 - Enter confirm password[[ChromeDriver: chrome on WINDOWS (984c26a70cc50d6ade1080005263c7fa)] -> id: ConfirmPassword]
2022-12-20 18:03:03 INFO  RegisterPage :84 - Click on registration button[[ChromeDriver: chrome on WINDOWS (984c26a70cc50d6ade1080005263c7fa)] -> id: register-button]
2022-12-20 18:03:03 INFO  RegisterPage :89 - Verify registration text[[ChromeDriver: chrome on WINDOWS (984c26a70cc50d6ade1080005263c7fa)] -> xpath: //div[text()='Your registration completed']]
2022-12-20 18:03:03 INFO  RegisterPage :94 - Click on continue tab[[ChromeDriver: chrome on WINDOWS (984c26a70cc50d6ade1080005263c7fa)] -> xpath: //a[text()='Continue']]
2022-12-20 18:03:03 INFO  CartPage :149 - Check shopping cart text[[ChromeDriver: chrome on WINDOWS (984c26a70cc50d6ade1080005263c7fa)] -> xpath: //h1[text()='Shopping cart']]
2022-12-20 18:03:34 INFO  TopMenuPage :50 - Verify electronics text[[ChromeDriver: chrome on WINDOWS (ddddd40f04a161056a576c161655f074)] -> xpath: //a[@href='/electronics']]
